{
  "RSpec": {
    "coverage": {
      "/home/industrious-agent-153d/tic-tac-toe-rb-online-web-sp-000/lib/tic_tac_toe.rb": [
        null,
        1,
        null,
        null,
        null,
        null,
        null,
        null,
        null,
        null,
        null,
        1,
        17,
        17,
        17,
        17,
        17,
        null,
        null,
        1,
        956,
        null,
        null,
        1,
        12,
        null,
        null,
        1,
        958,
        null,
        null,
        1,
        956,
        null,
        null,
        1,
        110,
        null,
        null,
        1,
        null,
        10,
        null,
        null,
        1,
        null,
        954,
        null,
        953,
        null,
        953,
        null,
        953,
        945,
        null,
        null,
        null,
        9,
        9,
        null,
        null,
        1,
        20,
        139,
        139,
        139,
        null,
        139,
        5,
        134,
        1,
        null,
        133,
        null,
        14,
        null,
        null,
        1,
        null,
        57,
        null,
        null,
        1,
        null,
        10,
        null,
        null,
        null,
        null,
        1,
        null,
        3,
        null,
        null,
        1,
        3,
        2,
        null,
        null,
        null,
        1,
        4,
        7,
        7,
        6,
        null,
        3,
        0,
        3,
        0,
        null,
        null,
        null,
        null,
        null,
        null
      ]
    },
    "timestamp": 1621826139
  }
}
