{
  "RSpec": {
    "coverage": {
      "/home/industrious-agent-153d/tic-tac-toe-rb-online-web-sp-000/lib/tic_tac_toe.rb": [
        null,
        1,
        null,
        null,
        null,
        null,
        null,
        null,
        null,
        null,
        null,
        1,
        15,
        15,
        15,
        15,
        15,
        null,
        null,
        1,
        16,
        null,
        null,
        1,
        16,
        null,
        null,
        1,
        18,
        null,
        null,
        1,
        16,
        null,
        null,
        1,
        150,
        null,
        null,
        1,
        null,
        14,
        null,
        null,
        1,
        null,
        13,
        null,
        13,
        null,
        13,
        null,
        13,
        1,
        null,
        null,
        null,
        13,
        13,
        null,
        null,
        1,
        28,
        189,
        189,
        189,
        null,
        189,
        7,
        182,
        1,
        null,
        181,
        null,
        20,
        null,
        null,
        1,
        null,
        73,
        null,
        null,
        1,
        null,
        12,
        null,
        null,
        null,
        null,
        1,
        null,
        9,
        null,
        null,
        1,
        3,
        2,
        2,
        null,
        null,
        null,
        1,
        7,
        10,
        null,
        7,
        2,
        5,
        1,
        null,
        null,
        null,
        null,
        null,
        null
      ]
    },
    "timestamp": 1621829826
  }
}
